<?xml version="1.0" encoding="UTF-8"?>
<Site BuildName="(empty)"
	BuildStamp="20231129-0729-Experimental"
	Name="zpc"
	Generator="ctest-3.22.5"
	CompilerName="/usr/bin/g++"
	CompilerVersion="9.4.0"
	OSName="Linux"
	Hostname="zpc"
	OSRelease="5.15.0-89-generic"
	OSVersion="#99~20.04.1-Ubuntu SMP Thu Nov 2 15:16:47 UTC 2023"
	OSPlatform="x86_64"
	Is64Bits="1"
	VendorString="GenuineIntel"
	VendorID="Intel Corporation"
	FamilyID="6"
	ModelID="151"
	ProcessorCacheSize="30720"
	NumberOfLogicalCPU="24"
	NumberOfPhysicalCPU="16"
	TotalVirtualMemory="31249"
	TotalPhysicalMemory="31898"
	LogicalProcessorsPerPhysical="1"
	ProcessorClockFrequency="4887.11"
	>
	<Testing>
		<StartDateTime>Nov 29 15:29 CST</StartDateTime>
		<StartTestTime>1701242973</StartTestTime>
		<TestList/>
		<EndDateTime>Nov 29 15:29 CST</EndDateTime>
		<EndTestTime>1701242973</EndTestTime>
		<ElapsedMinutes>0</ElapsedMinutes>
	</Testing>
</Site>
